This file contains any messages produced by compilers while
running configure, to aid debugging if configure makes a mistake.

It was created by modsecurity configure 2.9, which was
generated by GNU Autoconf 2.69.  Invocation command line was

  $ ./configure 

## --------- ##
## Platform. ##
## --------- ##

hostname = bdi-anhnmt2-d
uname -m = x86_64
uname -r = 5.4.0-150-generic
uname -s = Linux
uname -v = #167~18.04.1-Ubuntu SMP Wed May 24 00:51:42 UTC 2023

/usr/bin/uname -p = unknown
/bin/uname -X     = unknown

/bin/arch              = unknown
/usr/bin/arch -k       = unknown
/usr/convex/getsysinfo = unknown
/usr/bin/hostinfo      = unknown
/bin/machine           = unknown
/usr/bin/oslevel       = unknown
/bin/universe          = unknown

PATH: /usr/local/sbin
PATH: /usr/local/bin
PATH: /usr/sbin
PATH: /usr/bin
PATH: /sbin
PATH: /bin
PATH: /snap/bin


## ----------- ##
## Core tests. ##
## ----------- ##

configure:2619: checking for a BSD-compatible install
configure:2687: result: /usr/bin/install -c
configure:2698: checking whether build environment is sane
configure:2753: result: yes
configure:2904: checking for a thread-safe mkdir -p
configure:2943: result: /bin/mkdir -p
configure:2950: checking for gawk
configure:2966: found /usr/bin/gawk
configure:2977: result: gawk
configure:2988: checking whether make sets $(MAKE)
configure:3010: result: yes
configure:3039: checking whether make supports nested variables
configure:3056: result: yes
configure:3194: checking for style of include used by make
configure:3222: result: GNU
configure:3293: checking for gcc
configure:3309: found /usr/bin/gcc
configure:3320: result: gcc
configure:3549: checking for C compiler version
configure:3558: gcc --version >&5
gcc (Ubuntu 7.5.0-3ubuntu1~18.04) 7.5.0
Copyright (C) 2017 Free Software Foundation, Inc.
This is free software; see the source for copying conditions.  There is NO
warranty; not even for MERCHANTABILITY or FITNESS FOR A PARTICULAR PURPOSE.

configure:3569: $? = 0
configure:3558: gcc -v >&5
Using built-in specs.
COLLECT_GCC=gcc
COLLECT_LTO_WRAPPER=/usr/lib/gcc/x86_64-linux-gnu/7/lto-wrapper
OFFLOAD_TARGET_NAMES=nvptx-none
OFFLOAD_TARGET_DEFAULT=1
Target: x86_64-linux-gnu
Configured with: ../src/configure -v --with-pkgversion='Ubuntu 7.5.0-3ubuntu1~18.04' --with-bugurl=file:///usr/share/doc/gcc-7/README.Bugs --enable-languages=c,ada,c++,go,brig,d,fortran,objc,obj-c++ --prefix=/usr --with-gcc-major-version-only --program-suffix=-7 --program-prefix=x86_64-linux-gnu- --enable-shared --enable-linker-build-id --libexecdir=/usr/lib --without-included-gettext --enable-threads=posix --libdir=/usr/lib --enable-nls --enable-bootstrap --enable-clocale=gnu --enable-libstdcxx-debug --enable-libstdcxx-time=yes --with-default-libstdcxx-abi=new --enable-gnu-unique-object --disable-vtable-verify --enable-libmpx --enable-plugin --enable-default-pie --with-system-zlib --with-target-system-zlib --enable-objc-gc=auto --enable-multiarch --disable-werror --with-arch-32=i686 --with-abi=m64 --with-multilib-list=m32,m64,mx32 --enable-multilib --with-tune=generic --enable-offload-targets=nvptx-none --without-cuda-driver --enable-checking=release --build=x86_64-linux-gnu --host=x86_64-linux-gnu --target=x86_64-linux-gnu
Thread model: posix
gcc version 7.5.0 (Ubuntu 7.5.0-3ubuntu1~18.04) 
configure:3569: $? = 0
configure:3558: gcc -V >&5
gcc: error: unrecognized command line option '-V'
gcc: fatal error: no input files
compilation terminated.
configure:3569: $? = 1
configure:3558: gcc -qversion >&5
gcc: error: unrecognized command line option '-qversion'; did you mean '--version'?
gcc: fatal error: no input files
compilation terminated.
configure:3569: $? = 1
configure:3589: checking whether the C compiler works
configure:3611: gcc    conftest.c  >&5
configure:3615: $? = 0
configure:3663: result: yes
configure:3666: checking for C compiler default output file name
configure:3668: result: a.out
configure:3674: checking for suffix of executables
configure:3681: gcc -o conftest    conftest.c  >&5
configure:3685: $? = 0
configure:3707: result: 
configure:3729: checking whether we are cross compiling
configure:3737: gcc -o conftest    conftest.c  >&5
configure:3741: $? = 0
configure:3748: ./conftest
configure:3752: $? = 0
configure:3767: result: no
configure:3772: checking for suffix of object files
configure:3794: gcc -c   conftest.c >&5
configure:3798: $? = 0
configure:3819: result: o
configure:3823: checking whether we are using the GNU C compiler
configure:3842: gcc -c   conftest.c >&5
configure:3842: $? = 0
configure:3851: result: yes
configure:3860: checking whether gcc accepts -g
configure:3880: gcc -c -g  conftest.c >&5
configure:3880: $? = 0
configure:3921: result: yes
configure:3938: checking for gcc option to accept ISO C89
configure:4001: gcc  -c -g -O2  conftest.c >&5
configure:4001: $? = 0
configure:4014: result: none needed
configure:4039: checking whether gcc understands -c and -o together
configure:4061: gcc -c conftest.c -o conftest2.o
configure:4064: $? = 0
configure:4061: gcc -c conftest.c -o conftest2.o
configure:4064: $? = 0
configure:4076: result: yes
configure:4095: checking dependency style of gcc
configure:4206: result: gcc3
configure:4271: checking for ar
configure:4287: found /usr/bin/ar
configure:4298: result: ar
configure:4324: checking the archiver (ar) interface
configure:4340: gcc -c -g -O2  conftest.c >&5
configure:4340: $? = 0
configure:4342: ar cru libconftest.a conftest.o >&5
ar: `u' modifier ignored since `D' is the default (see `U')
configure:4345: $? = 0
configure:4373: result: ar
configure:4424: checking build system type
configure:4438: result: x86_64-pc-linux-gnu
configure:4458: checking host system type
configure:4471: result: x86_64-pc-linux-gnu
configure:4512: checking how to print strings
configure:4539: result: printf
configure:4560: checking for a sed that does not truncate output
configure:4624: result: /bin/sed
configure:4642: checking for grep that handles long lines and -e
configure:4700: result: /bin/grep
configure:4705: checking for egrep
configure:4767: result: /bin/grep -E
configure:4772: checking for fgrep
configure:4834: result: /bin/grep -F
configure:4869: checking for ld used by gcc
configure:4936: result: /usr/bin/ld
configure:4943: checking if the linker (/usr/bin/ld) is GNU ld
configure:4958: result: yes
configure:4970: checking for BSD- or MS-compatible name lister (nm)
configure:5024: result: /usr/bin/nm -B
configure:5154: checking the name lister (/usr/bin/nm -B) interface
configure:5161: gcc -c -g -O2  conftest.c >&5
configure:5164: /usr/bin/nm -B "conftest.o"
configure:5167: output
0000000000000000 B some_variable
configure:5174: result: BSD nm
configure:5177: checking whether ln -s works
configure:5181: result: yes
configure:5189: checking the maximum length of command line arguments
configure:5320: result: 1572864
configure:5368: checking how to convert x86_64-pc-linux-gnu file names to x86_64-pc-linux-gnu format
configure:5408: result: func_convert_file_noop
configure:5415: checking how to convert x86_64-pc-linux-gnu file names to toolchain format
configure:5435: result: func_convert_file_noop
configure:5442: checking for /usr/bin/ld option to reload object files
configure:5449: result: -r
configure:5523: checking for objdump
configure:5539: found /usr/bin/objdump
configure:5550: result: objdump
configure:5582: checking how to recognize dependent libraries
configure:5782: result: pass_all
configure:5867: checking for dlltool
configure:5897: result: no
configure:5927: checking how to associate runtime and link libraries
configure:5954: result: printf %s\n
configure:6078: checking for archiver @FILE support
configure:6095: gcc -c -g -O2  conftest.c >&5
configure:6095: $? = 0
configure:6098: ar cru libconftest.a @conftest.lst >&5
ar: `u' modifier ignored since `D' is the default (see `U')
configure:6101: $? = 0
configure:6106: ar cru libconftest.a @conftest.lst >&5
ar: `u' modifier ignored since `D' is the default (see `U')
ar: conftest.o: No such file or directory
configure:6109: $? = 1
configure:6121: result: @
configure:6179: checking for strip
configure:6195: found /usr/bin/strip
configure:6206: result: strip
configure:6278: checking for ranlib
configure:6294: found /usr/bin/ranlib
configure:6305: result: ranlib
configure:6407: checking command to parse /usr/bin/nm -B output from gcc object
configure:6560: gcc -c -g -O2  conftest.c >&5
configure:6563: $? = 0
configure:6567: /usr/bin/nm -B conftest.o \| sed -n -e 's/^.*[ ]\([ABCDGIRSTW][ABCDGIRSTW]*\)[ ][ ]*\([_A-Za-z][_A-Za-z0-9]*\)$/\1 \2 \2/p' | sed '/ __gnu_lto/d' \> conftest.nm
configure:6570: $? = 0
configure:6636: gcc -o conftest -g -O2   conftest.c conftstm.o >&5
configure:6639: $? = 0
configure:6677: result: ok
configure:6724: checking for sysroot
configure:6754: result: no
configure:6761: checking for a working dd
configure:6799: result: /bin/dd
configure:6803: checking how to truncate binary pipes
configure:6818: result: /bin/dd bs=4096 count=1
configure:6954: gcc -c -g -O2  conftest.c >&5
configure:6957: $? = 0
configure:7147: checking for mt
configure:7163: found /bin/mt
configure:7174: result: mt
configure:7197: checking if mt is a manifest tool
configure:7203: mt '-?'
configure:7211: result: no
configure:7888: checking how to run the C preprocessor
configure:7919: gcc -E  conftest.c
configure:7919: $? = 0
configure:7933: gcc -E  conftest.c
conftest.c:11:10: fatal error: ac_nonexistent.h: No such file or directory
 #include <ac_nonexistent.h>
          ^~~~~~~~~~~~~~~~~~
compilation terminated.
configure:7933: $? = 1
configure: failed program was:
| /* confdefs.h */
| #define PACKAGE_NAME "modsecurity"
| #define PACKAGE_TARNAME "modsecurity"
| #define PACKAGE_VERSION "2.9"
| #define PACKAGE_STRING "modsecurity 2.9"
| #define PACKAGE_BUGREPORT "support@modsecurity.org"
| #define PACKAGE_URL ""
| #define PACKAGE "modsecurity"
| #define VERSION "2.9"
| /* end confdefs.h.  */
| #include <ac_nonexistent.h>
configure:7958: result: gcc -E
configure:7978: gcc -E  conftest.c
configure:7978: $? = 0
configure:7992: gcc -E  conftest.c
conftest.c:11:10: fatal error: ac_nonexistent.h: No such file or directory
 #include <ac_nonexistent.h>
          ^~~~~~~~~~~~~~~~~~
compilation terminated.
configure:7992: $? = 1
configure: failed program was:
| /* confdefs.h */
| #define PACKAGE_NAME "modsecurity"
| #define PACKAGE_TARNAME "modsecurity"
| #define PACKAGE_VERSION "2.9"
| #define PACKAGE_STRING "modsecurity 2.9"
| #define PACKAGE_BUGREPORT "support@modsecurity.org"
| #define PACKAGE_URL ""
| #define PACKAGE "modsecurity"
| #define VERSION "2.9"
| /* end confdefs.h.  */
| #include <ac_nonexistent.h>
configure:8021: checking for ANSI C header files
configure:8041: gcc -c -g -O2  conftest.c >&5
configure:8041: $? = 0
configure:8114: gcc -o conftest -g -O2   conftest.c  >&5
configure:8114: $? = 0
configure:8114: ./conftest
configure:8114: $? = 0
configure:8125: result: yes
configure:8138: checking for sys/types.h
configure:8138: gcc -c -g -O2  conftest.c >&5
configure:8138: $? = 0
configure:8138: result: yes
configure:8138: checking for sys/stat.h
configure:8138: gcc -c -g -O2  conftest.c >&5
configure:8138: $? = 0
configure:8138: result: yes
configure:8138: checking for stdlib.h
configure:8138: gcc -c -g -O2  conftest.c >&5
configure:8138: $? = 0
configure:8138: result: yes
configure:8138: checking for string.h
configure:8138: gcc -c -g -O2  conftest.c >&5
configure:8138: $? = 0
configure:8138: result: yes
configure:8138: checking for memory.h
configure:8138: gcc -c -g -O2  conftest.c >&5
configure:8138: $? = 0
configure:8138: result: yes
configure:8138: checking for strings.h
configure:8138: gcc -c -g -O2  conftest.c >&5
configure:8138: $? = 0
configure:8138: result: yes
configure:8138: checking for inttypes.h
configure:8138: gcc -c -g -O2  conftest.c >&5
configure:8138: $? = 0
configure:8138: result: yes
configure:8138: checking for stdint.h
configure:8138: gcc -c -g -O2  conftest.c >&5
configure:8138: $? = 0
configure:8138: result: yes
configure:8138: checking for unistd.h
configure:8138: gcc -c -g -O2  conftest.c >&5
configure:8138: $? = 0
configure:8138: result: yes
configure:8152: checking for dlfcn.h
configure:8152: gcc -c -g -O2  conftest.c >&5
configure:8152: $? = 0
configure:8152: result: yes
configure:8407: checking for objdir
configure:8422: result: .libs
configure:8686: checking if gcc supports -fno-rtti -fno-exceptions
configure:8704: gcc -c -g -O2  -fno-rtti -fno-exceptions conftest.c >&5
cc1: warning: command line option '-fno-rtti' is valid for C++/ObjC++ but not for C
configure:8708: $? = 0
configure:8721: result: no
configure:9079: checking for gcc option to produce PIC
configure:9086: result: -fPIC -DPIC
configure:9094: checking if gcc PIC flag -fPIC -DPIC works
configure:9112: gcc -c -g -O2  -fPIC -DPIC -DPIC conftest.c >&5
configure:9116: $? = 0
configure:9129: result: yes
configure:9158: checking if gcc static flag -static works
configure:9186: result: yes
configure:9201: checking if gcc supports -c -o file.o
configure:9222: gcc -c -g -O2  -o out/conftest2.o conftest.c >&5
configure:9226: $? = 0
configure:9248: result: yes
configure:9256: checking if gcc supports -c -o file.o
configure:9303: result: yes
configure:9336: checking whether the gcc linker (/usr/bin/ld -m elf_x86_64) supports shared libraries
configure:10599: result: yes
configure:10636: checking whether -lc should be explicitly linked in
configure:10644: gcc -c -g -O2  conftest.c >&5
configure:10647: $? = 0
configure:10662: gcc -shared  -fPIC -DPIC conftest.o  -v -Wl,-soname -Wl,conftest -o conftest 2\>\&1 \| /bin/grep  -lc  \>/dev/null 2\>\&1
configure:10665: $? = 0
configure:10679: result: no
configure:10839: checking dynamic linker characteristics
configure:11420: gcc -o conftest -g -O2   -Wl,-rpath -Wl,/foo conftest.c  >&5
configure:11420: $? = 0
configure:11669: result: GNU/Linux ld.so
configure:11791: checking how to hardcode library paths into programs
configure:11816: result: immediate
configure:11918: checking for shl_load
configure:11918: gcc -o conftest -g -O2   conftest.c  >&5
/tmp/cc5a3B3i.o: In function `main':
/home/anhnmt2/Documents/CodeInjection/BKCS/bkcs-modsecurity-master/ModSecurity/conftest.c:57: undefined reference to `shl_load'
collect2: error: ld returned 1 exit status
configure:11918: $? = 1
configure: failed program was:
| /* confdefs.h */
| #define PACKAGE_NAME "modsecurity"
| #define PACKAGE_TARNAME "modsecurity"
| #define PACKAGE_VERSION "2.9"
| #define PACKAGE_STRING "modsecurity 2.9"
| #define PACKAGE_BUGREPORT "support@modsecurity.org"
| #define PACKAGE_URL ""
| #define PACKAGE "modsecurity"
| #define VERSION "2.9"
| #define STDC_HEADERS 1
| #define HAVE_SYS_TYPES_H 1
| #define HAVE_SYS_STAT_H 1
| #define HAVE_STDLIB_H 1
| #define HAVE_STRING_H 1
| #define HAVE_MEMORY_H 1
| #define HAVE_STRINGS_H 1
| #define HAVE_INTTYPES_H 1
| #define HAVE_STDINT_H 1
| #define HAVE_UNISTD_H 1
| #define HAVE_DLFCN_H 1
| #define LT_OBJDIR ".libs/"
| /* end confdefs.h.  */
| /* Define shl_load to an innocuous variant, in case <limits.h> declares shl_load.
|    For example, HP-UX 11i <limits.h> declares gettimeofday.  */
| #define shl_load innocuous_shl_load
| 
| /* System header to define __stub macros and hopefully few prototypes,
|     which can conflict with char shl_load (); below.
|     Prefer <limits.h> to <assert.h> if __STDC__ is defined, since
|     <limits.h> exists even on freestanding compilers.  */
| 
| #ifdef __STDC__
| # include <limits.h>
| #else
| # include <assert.h>
| #endif
| 
| #undef shl_load
| 
| /* Override any GCC internal prototype to avoid an error.
|    Use char because int might match the return type of a GCC
|    builtin and then its argument prototype would still apply.  */
| #ifdef __cplusplus
| extern "C"
| #endif
| char shl_load ();
| /* The GNU C library defines this for functions which it implements
|     to always fail with ENOSYS.  Some functions are actually named
|     something starting with __ and the normal name is an alias.  */
| #if defined __stub_shl_load || defined __stub___shl_load
| choke me
| #endif
| 
| int
| main ()
| {
| return shl_load ();
|   ;
|   return 0;
| }
configure:11918: result: no
configure:11922: checking for shl_load in -ldld
configure:11947: gcc -o conftest -g -O2   conftest.c -ldld   >&5
/usr/bin/ld: cannot find -ldld
collect2: error: ld returned 1 exit status
configure:11947: $? = 1
configure: failed program was:
| /* confdefs.h */
| #define PACKAGE_NAME "modsecurity"
| #define PACKAGE_TARNAME "modsecurity"
| #define PACKAGE_VERSION "2.9"
| #define PACKAGE_STRING "modsecurity 2.9"
| #define PACKAGE_BUGREPORT "support@modsecurity.org"
| #define PACKAGE_URL ""
| #define PACKAGE "modsecurity"
| #define VERSION "2.9"
| #define STDC_HEADERS 1
| #define HAVE_SYS_TYPES_H 1
| #define HAVE_SYS_STAT_H 1
| #define HAVE_STDLIB_H 1
| #define HAVE_STRING_H 1
| #define HAVE_MEMORY_H 1
| #define HAVE_STRINGS_H 1
| #define HAVE_INTTYPES_H 1
| #define HAVE_STDINT_H 1
| #define HAVE_UNISTD_H 1
| #define HAVE_DLFCN_H 1
| #define LT_OBJDIR ".libs/"
| /* end confdefs.h.  */
| 
| /* Override any GCC internal prototype to avoid an error.
|    Use char because int might match the return type of a GCC
|    builtin and then its argument prototype would still apply.  */
| #ifdef __cplusplus
| extern "C"
| #endif
| char shl_load ();
| int
| main ()
| {
| return shl_load ();
|   ;
|   return 0;
| }
configure:11956: result: no
configure:11961: checking for dlopen
configure:11961: gcc -o conftest -g -O2   conftest.c  >&5
/tmp/ccnrxqem.o: In function `main':
/home/anhnmt2/Documents/CodeInjection/BKCS/bkcs-modsecurity-master/ModSecurity/conftest.c:57: undefined reference to `dlopen'
collect2: error: ld returned 1 exit status
configure:11961: $? = 1
configure: failed program was:
| /* confdefs.h */
| #define PACKAGE_NAME "modsecurity"
| #define PACKAGE_TARNAME "modsecurity"
| #define PACKAGE_VERSION "2.9"
| #define PACKAGE_STRING "modsecurity 2.9"
| #define PACKAGE_BUGREPORT "support@modsecurity.org"
| #define PACKAGE_URL ""
| #define PACKAGE "modsecurity"
| #define VERSION "2.9"
| #define STDC_HEADERS 1
| #define HAVE_SYS_TYPES_H 1
| #define HAVE_SYS_STAT_H 1
| #define HAVE_STDLIB_H 1
| #define HAVE_STRING_H 1
| #define HAVE_MEMORY_H 1
| #define HAVE_STRINGS_H 1
| #define HAVE_INTTYPES_H 1
| #define HAVE_STDINT_H 1
| #define HAVE_UNISTD_H 1
| #define HAVE_DLFCN_H 1
| #define LT_OBJDIR ".libs/"
| /* end confdefs.h.  */
| /* Define dlopen to an innocuous variant, in case <limits.h> declares dlopen.
|    For example, HP-UX 11i <limits.h> declares gettimeofday.  */
| #define dlopen innocuous_dlopen
| 
| /* System header to define __stub macros and hopefully few prototypes,
|     which can conflict with char dlopen (); below.
|     Prefer <limits.h> to <assert.h> if __STDC__ is defined, since
|     <limits.h> exists even on freestanding compilers.  */
| 
| #ifdef __STDC__
| # include <limits.h>
| #else
| # include <assert.h>
| #endif
| 
| #undef dlopen
| 
| /* Override any GCC internal prototype to avoid an error.
|    Use char because int might match the return type of a GCC
|    builtin and then its argument prototype would still apply.  */
| #ifdef __cplusplus
| extern "C"
| #endif
| char dlopen ();
| /* The GNU C library defines this for functions which it implements
|     to always fail with ENOSYS.  Some functions are actually named
|     something starting with __ and the normal name is an alias.  */
| #if defined __stub_dlopen || defined __stub___dlopen
| choke me
| #endif
| 
| int
| main ()
| {
| return dlopen ();
|   ;
|   return 0;
| }
configure:11961: result: no
configure:11965: checking for dlopen in -ldl
configure:11990: gcc -o conftest -g -O2   conftest.c -ldl   >&5
configure:11990: $? = 0
configure:11999: result: yes
configure:12118: checking whether a program can dlopen itself
configure:12198: gcc -o conftest -g -O2  -DHAVE_DLFCN_H  -Wl,--export-dynamic conftest.c -ldl  >&5
configure:12201: $? = 0
configure:12219: result: yes
configure:12224: checking whether a statically linked program can dlopen itself
configure:12304: gcc -o conftest -g -O2  -DHAVE_DLFCN_H  -Wl,--export-dynamic -static conftest.c -ldl  >&5
/tmp/ccnJ67oq.o: In function `main':
/home/anhnmt2/Documents/CodeInjection/BKCS/bkcs-modsecurity-master/ModSecurity/configure:12283: warning: Using 'dlopen' in statically linked applications requires at runtime the shared libraries from the glibc version used for linking
configure:12307: $? = 0
conftest: undefined symbol: _fnord
configure:12325: result: no
configure:12364: checking whether stripping libraries is possible
configure:12369: result: yes
configure:12404: checking if libtool supports shared libraries
configure:12406: result: yes
configure:12409: checking whether to build shared libraries
configure:12434: result: yes
configure:12437: checking whether to build static libraries
configure:12441: result: yes
configure:12484: checking for gawk
configure:12511: result: gawk
configure:12570: checking for gcc
configure:12597: result: gcc
configure:12826: checking for C compiler version
configure:12835: gcc --version >&5
gcc (Ubuntu 7.5.0-3ubuntu1~18.04) 7.5.0
Copyright (C) 2017 Free Software Foundation, Inc.
This is free software; see the source for copying conditions.  There is NO
warranty; not even for MERCHANTABILITY or FITNESS FOR A PARTICULAR PURPOSE.

configure:12846: $? = 0
configure:12835: gcc -v >&5
Using built-in specs.
COLLECT_GCC=gcc
COLLECT_LTO_WRAPPER=/usr/lib/gcc/x86_64-linux-gnu/7/lto-wrapper
OFFLOAD_TARGET_NAMES=nvptx-none
OFFLOAD_TARGET_DEFAULT=1
Target: x86_64-linux-gnu
Configured with: ../src/configure -v --with-pkgversion='Ubuntu 7.5.0-3ubuntu1~18.04' --with-bugurl=file:///usr/share/doc/gcc-7/README.Bugs --enable-languages=c,ada,c++,go,brig,d,fortran,objc,obj-c++ --prefix=/usr --with-gcc-major-version-only --program-suffix=-7 --program-prefix=x86_64-linux-gnu- --enable-shared --enable-linker-build-id --libexecdir=/usr/lib --without-included-gettext --enable-threads=posix --libdir=/usr/lib --enable-nls --enable-bootstrap --enable-clocale=gnu --enable-libstdcxx-debug --enable-libstdcxx-time=yes --with-default-libstdcxx-abi=new --enable-gnu-unique-object --disable-vtable-verify --enable-libmpx --enable-plugin --enable-default-pie --with-system-zlib --with-target-system-zlib --enable-objc-gc=auto --enable-multiarch --disable-werror --with-arch-32=i686 --with-abi=m64 --with-multilib-list=m32,m64,mx32 --enable-multilib --with-tune=generic --enable-offload-targets=nvptx-none --without-cuda-driver --enable-checking=release --build=x86_64-linux-gnu --host=x86_64-linux-gnu --target=x86_64-linux-gnu
Thread model: posix
gcc version 7.5.0 (Ubuntu 7.5.0-3ubuntu1~18.04) 
configure:12846: $? = 0
configure:12835: gcc -V >&5
gcc: error: unrecognized command line option '-V'
gcc: fatal error: no input files
compilation terminated.
configure:12846: $? = 1
configure:12835: gcc -qversion >&5
gcc: error: unrecognized command line option '-qversion'; did you mean '--version'?
gcc: fatal error: no input files
compilation terminated.
configure:12846: $? = 1
configure:12850: checking whether we are using the GNU C compiler
configure:12878: result: yes
configure:12887: checking whether gcc accepts -g
configure:12948: result: yes
configure:12965: checking for gcc option to accept ISO C89
configure:13041: result: none needed
configure:13066: checking whether gcc understands -c and -o together
configure:13103: result: yes
configure:13122: checking dependency style of gcc
configure:13233: result: gcc3
configure:13253: checking how to run the C preprocessor
configure:13323: result: gcc -E
configure:13343: gcc -E  conftest.c
configure:13343: $? = 0
configure:13357: gcc -E  conftest.c
conftest.c:23:10: fatal error: ac_nonexistent.h: No such file or directory
 #include <ac_nonexistent.h>
          ^~~~~~~~~~~~~~~~~~
compilation terminated.
configure:13357: $? = 1
configure: failed program was:
| /* confdefs.h */
| #define PACKAGE_NAME "modsecurity"
| #define PACKAGE_TARNAME "modsecurity"
| #define PACKAGE_VERSION "2.9"
| #define PACKAGE_STRING "modsecurity 2.9"
| #define PACKAGE_BUGREPORT "support@modsecurity.org"
| #define PACKAGE_URL ""
| #define PACKAGE "modsecurity"
| #define VERSION "2.9"
| #define STDC_HEADERS 1
| #define HAVE_SYS_TYPES_H 1
| #define HAVE_SYS_STAT_H 1
| #define HAVE_STDLIB_H 1
| #define HAVE_STRING_H 1
| #define HAVE_MEMORY_H 1
| #define HAVE_STRINGS_H 1
| #define HAVE_INTTYPES_H 1
| #define HAVE_STDINT_H 1
| #define HAVE_UNISTD_H 1
| #define HAVE_DLFCN_H 1
| #define LT_OBJDIR ".libs/"
| /* end confdefs.h.  */
| #include <ac_nonexistent.h>
configure:13386: checking whether ln -s works
configure:13390: result: yes
configure:13397: checking whether make sets $(MAKE)
configure:13419: result: yes
configure:13428: checking for grep that handles long lines and -e
configure:13486: result: /bin/grep
configure:13495: checking for perl
configure:13513: found /usr/bin/perl
configure:13525: result: /usr/bin/perl
configure:13540: checking for env
configure:13558: found /usr/bin/env
configure:13570: result: /usr/bin/env
configure:13583: checking for ANSI C header files
configure:13687: result: yes
configure:13698: checking fcntl.h usability
configure:13698: gcc -c -g -O2  conftest.c >&5
configure:13698: $? = 0
configure:13698: result: yes
configure:13698: checking fcntl.h presence
configure:13698: gcc -E  conftest.c
configure:13698: $? = 0
configure:13698: result: yes
configure:13698: checking for fcntl.h
configure:13698: result: yes
configure:13698: checking limits.h usability
configure:13698: gcc -c -g -O2  conftest.c >&5
configure:13698: $? = 0
configure:13698: result: yes
configure:13698: checking limits.h presence
configure:13698: gcc -E  conftest.c
configure:13698: $? = 0
configure:13698: result: yes
configure:13698: checking for limits.h
configure:13698: result: yes
configure:13698: checking for stdlib.h
configure:13698: result: yes
configure:13698: checking for string.h
configure:13698: result: yes
configure:13698: checking for unistd.h
configure:13698: result: yes
configure:13698: checking for sys/types.h
configure:13698: result: yes
configure:13698: checking for sys/stat.h
configure:13698: result: yes
configure:13698: checking sys/utsname.h usability
configure:13698: gcc -c -g -O2  conftest.c >&5
configure:13698: $? = 0
configure:13698: result: yes
configure:13698: checking sys/utsname.h presence
configure:13698: gcc -E  conftest.c
configure:13698: $? = 0
configure:13698: result: yes
configure:13698: checking for sys/utsname.h
configure:13698: result: yes
configure:13710: checking for an ANSI C-conforming const
configure:13776: gcc -c -g -O2  conftest.c >&5
configure:13776: $? = 0
configure:13783: result: yes
configure:13791: checking for inline
configure:13807: gcc -c -g -O2  conftest.c >&5
configure:13807: $? = 0
configure:13815: result: inline
configure:13833: checking for C/C++ restrict keyword
configure:13858: gcc -c -g -O2  conftest.c >&5
configure:13858: $? = 0
configure:13866: result: __restrict
configure:13879: checking for pid_t
configure:13879: gcc -c -g -O2  conftest.c >&5
configure:13879: $? = 0
configure:13879: gcc -c -g -O2  conftest.c >&5
conftest.c: In function 'main':
conftest.c:69:20: error: expected expression before ')' token
 if (sizeof ((pid_t)))
                    ^
configure:13879: $? = 1
configure: failed program was:
| /* confdefs.h */
| #define PACKAGE_NAME "modsecurity"
| #define PACKAGE_TARNAME "modsecurity"
| #define PACKAGE_VERSION "2.9"
| #define PACKAGE_STRING "modsecurity 2.9"
| #define PACKAGE_BUGREPORT "support@modsecurity.org"
| #define PACKAGE_URL ""
| #define PACKAGE "modsecurity"
| #define VERSION "2.9"
| #define STDC_HEADERS 1
| #define HAVE_SYS_TYPES_H 1
| #define HAVE_SYS_STAT_H 1
| #define HAVE_STDLIB_H 1
| #define HAVE_STRING_H 1
| #define HAVE_MEMORY_H 1
| #define HAVE_STRINGS_H 1
| #define HAVE_INTTYPES_H 1
| #define HAVE_STDINT_H 1
| #define HAVE_UNISTD_H 1
| #define HAVE_DLFCN_H 1
| #define LT_OBJDIR ".libs/"
| #define STDC_HEADERS 1
| #define HAVE_FCNTL_H 1
| #define HAVE_LIMITS_H 1
| #define HAVE_STDLIB_H 1
| #define HAVE_STRING_H 1
| #define HAVE_UNISTD_H 1
| #define HAVE_SYS_TYPES_H 1
| #define HAVE_SYS_STAT_H 1
| #define HAVE_SYS_UTSNAME_H 1
| #define restrict __restrict
| /* end confdefs.h.  */
| #include <stdio.h>
| #ifdef HAVE_SYS_TYPES_H
| # include <sys/types.h>
| #endif
| #ifdef HAVE_SYS_STAT_H
| # include <sys/stat.h>
| #endif
| #ifdef STDC_HEADERS
| # include <stdlib.h>
| # include <stddef.h>
| #else
| # ifdef HAVE_STDLIB_H
| #  include <stdlib.h>
| # endif
| #endif
| #ifdef HAVE_STRING_H
| # if !defined STDC_HEADERS && defined HAVE_MEMORY_H
| #  include <memory.h>
| # endif
| # include <string.h>
| #endif
| #ifdef HAVE_STRINGS_H
| # include <strings.h>
| #endif
| #ifdef HAVE_INTTYPES_H
| # include <inttypes.h>
| #endif
| #ifdef HAVE_STDINT_H
| # include <stdint.h>
| #endif
| #ifdef HAVE_UNISTD_H
| # include <unistd.h>
| #endif
| int
| main ()
| {
| if (sizeof ((pid_t)))
| 	    return 0;
|   ;
|   return 0;
| }
configure:13879: result: yes
configure:13890: checking for size_t
configure:13890: gcc -c -g -O2  conftest.c >&5
configure:13890: $? = 0
configure:13890: gcc -c -g -O2  conftest.c >&5
conftest.c: In function 'main':
conftest.c:69:21: error: expected expression before ')' token
 if (sizeof ((size_t)))
                     ^
configure:13890: $? = 1
configure: failed program was:
| /* confdefs.h */
| #define PACKAGE_NAME "modsecurity"
| #define PACKAGE_TARNAME "modsecurity"
| #define PACKAGE_VERSION "2.9"
| #define PACKAGE_STRING "modsecurity 2.9"
| #define PACKAGE_BUGREPORT "support@modsecurity.org"
| #define PACKAGE_URL ""
| #define PACKAGE "modsecurity"
| #define VERSION "2.9"
| #define STDC_HEADERS 1
| #define HAVE_SYS_TYPES_H 1
| #define HAVE_SYS_STAT_H 1
| #define HAVE_STDLIB_H 1
| #define HAVE_STRING_H 1
| #define HAVE_MEMORY_H 1
| #define HAVE_STRINGS_H 1
| #define HAVE_INTTYPES_H 1
| #define HAVE_STDINT_H 1
| #define HAVE_UNISTD_H 1
| #define HAVE_DLFCN_H 1
| #define LT_OBJDIR ".libs/"
| #define STDC_HEADERS 1
| #define HAVE_FCNTL_H 1
| #define HAVE_LIMITS_H 1
| #define HAVE_STDLIB_H 1
| #define HAVE_STRING_H 1
| #define HAVE_UNISTD_H 1
| #define HAVE_SYS_TYPES_H 1
| #define HAVE_SYS_STAT_H 1
| #define HAVE_SYS_UTSNAME_H 1
| #define restrict __restrict
| /* end confdefs.h.  */
| #include <stdio.h>
| #ifdef HAVE_SYS_TYPES_H
| # include <sys/types.h>
| #endif
| #ifdef HAVE_SYS_STAT_H
| # include <sys/stat.h>
| #endif
| #ifdef STDC_HEADERS
| # include <stdlib.h>
| # include <stddef.h>
| #else
| # ifdef HAVE_STDLIB_H
| #  include <stdlib.h>
| # endif
| #endif
| #ifdef HAVE_STRING_H
| # if !defined STDC_HEADERS && defined HAVE_MEMORY_H
| #  include <memory.h>
| # endif
| # include <string.h>
| #endif
| #ifdef HAVE_STRINGS_H
| # include <strings.h>
| #endif
| #ifdef HAVE_INTTYPES_H
| # include <inttypes.h>
| #endif
| #ifdef HAVE_STDINT_H
| # include <stdint.h>
| #endif
| #ifdef HAVE_UNISTD_H
| # include <unistd.h>
| #endif
| int
| main ()
| {
| if (sizeof ((size_t)))
| 	    return 0;
|   ;
|   return 0;
| }
configure:13890: result: yes
configure:13901: checking whether struct tm is in sys/time.h or time.h
configure:13921: gcc -c -g -O2  conftest.c >&5
configure:13921: $? = 0
configure:13928: result: time.h
configure:13936: checking for uint8_t
configure:13936: gcc -c -g -O2  conftest.c >&5
configure:13936: $? = 0
configure:13936: result: yes
configure:13954: checking for stdlib.h
configure:13954: result: yes
configure:13964: checking for GNU libc compatible malloc
configure:13988: gcc -o conftest -g -O2   conftest.c  >&5
configure:13988: $? = 0
configure:13988: ./conftest
configure:13988: $? = 0
configure:13998: result: yes
configure:14019: checking for working memcmp
configure:14062: gcc -o conftest -g -O2   conftest.c  >&5
configure:14062: $? = 0
configure:14062: ./conftest
configure:14062: $? = 0
configure:14072: result: yes
configure:14084: checking for atexit
configure:14084: gcc -o conftest -g -O2   conftest.c  >&5
configure:14084: $? = 0
configure:14084: result: yes
configure:14084: checking for getcwd
configure:14084: gcc -o conftest -g -O2   conftest.c  >&5
configure:14084: $? = 0
configure:14084: result: yes
configure:14084: checking for memmove
configure:14084: gcc -o conftest -g -O2   conftest.c  >&5
conftest.c:60:6: warning: conflicting types for built-in function 'memmove' [-Wbuiltin-declaration-mismatch]
 char memmove ();
      ^~~~~~~
configure:14084: $? = 0
configure:14084: result: yes
configure:14084: checking for memset
configure:14084: gcc -o conftest -g -O2   conftest.c  >&5
conftest.c:61:6: warning: conflicting types for built-in function 'memset' [-Wbuiltin-declaration-mismatch]
 char memset ();
      ^~~~~~
configure:14084: $? = 0
configure:14084: result: yes
configure:14084: checking for strcasecmp
configure:14084: gcc -o conftest -g -O2   conftest.c  >&5
conftest.c:62:6: warning: conflicting types for built-in function 'strcasecmp' [-Wbuiltin-declaration-mismatch]
 char strcasecmp ();
      ^~~~~~~~~~
configure:14084: $? = 0
configure:14084: result: yes
configure:14084: checking for strchr
configure:14084: gcc -o conftest -g -O2   conftest.c  >&5
conftest.c:63:6: warning: conflicting types for built-in function 'strchr' [-Wbuiltin-declaration-mismatch]
 char strchr ();
      ^~~~~~
configure:14084: $? = 0
configure:14084: result: yes
configure:14084: checking for strdup
configure:14084: gcc -o conftest -g -O2   conftest.c  >&5
conftest.c:64:6: warning: conflicting types for built-in function 'strdup' [-Wbuiltin-declaration-mismatch]
 char strdup ();
      ^~~~~~
configure:14084: $? = 0
configure:14084: result: yes
configure:14084: checking for strerror
configure:14084: gcc -o conftest -g -O2   conftest.c  >&5
configure:14084: $? = 0
configure:14084: result: yes
configure:14084: checking for strncasecmp
configure:14084: gcc -o conftest -g -O2   conftest.c  >&5
conftest.c:66:6: warning: conflicting types for built-in function 'strncasecmp' [-Wbuiltin-declaration-mismatch]
 char strncasecmp ();
      ^~~~~~~~~~~
configure:14084: $? = 0
configure:14084: result: yes
configure:14084: checking for strrchr
configure:14084: gcc -o conftest -g -O2   conftest.c  >&5
conftest.c:67:6: warning: conflicting types for built-in function 'strrchr' [-Wbuiltin-declaration-mismatch]
 char strrchr ();
      ^~~~~~~
configure:14084: $? = 0
configure:14084: result: yes
configure:14084: checking for strstr
configure:14084: gcc -o conftest -g -O2   conftest.c  >&5
conftest.c:68:6: warning: conflicting types for built-in function 'strstr' [-Wbuiltin-declaration-mismatch]
 char strstr ();
      ^~~~~~
configure:14084: $? = 0
configure:14084: result: yes
configure:14084: checking for strtol
configure:14084: gcc -o conftest -g -O2   conftest.c  >&5
configure:14084: $? = 0
configure:14084: result: yes
configure:14084: checking for fchmod
configure:14084: gcc -o conftest -g -O2   conftest.c  >&5
configure:14084: $? = 0
configure:14084: result: yes
configure:14084: checking for strcasestr
configure:14084: gcc -o conftest -g -O2   conftest.c  >&5
configure:14084: $? = 0
configure:14084: result: yes
configure:14390: checking for libcurl config script
configure:14420: result: /usr/bin/curl-config
configure:14433: checking if libcurl is at least v
configure:14438: result: yes, 7.58.0 
configure:14452: checking if libcurl is linked with gnutls
configure:14462: result: no
configure:14486: using curl v7.58.0 
configure:15079: looking for Apache module support via DSO through APXS
configure:15120: found apxs at /usr/bin/apxs2
configure:15122: checking httpd version
configure:15134: httpd is recent enough
configure:15276: checking for libpcre config script
configure:15312: result: /usr/bin/pcre-config
configure:15344: using pcre v8.39
configure:15360: checking for libapr config script
configure:15390: result: /usr/bin/apr-1-config
configure:15432: using apr v1.6.3
configure:15447: checking for libapu config script
configure:15477: result: /usr/bin/apu-1-config
configure:15516: using apu v1.6.1
configure:15532: checking for libxml2 config script
configure:15562: result: /usr/bin/xml2-config
configure:15574: checking if libxml2 is at least v2.6.29
configure:15579: result: yes, 2.9.4
configure:15604: using libxml2 v2.9.4
configure:15663: checking for pkg-config
configure:15681: found /usr/bin/pkg-config
configure:15693: result: /usr/bin/pkg-config
configure:15718: checking pkg-config is at least version 0.9.0
configure:15721: result: yes
configure:15762: checking for liblua config script
configure:15798: result: /usr/bin/pkg-config
configure:15927: using lua v5.1.5
configure:15971: checking for libyajl config script
configure:16021: result: no
configure:16024: checking for yajl install
configure:16075: result: no
configure:16089: optional yajl library not found
configure:16124: checking for ssdeep path
configure:16151: result: no
configure:16155: optional ssdeep library not found
configure:16192: gcc -c -g -O2  -I/usr/include/apr-1.0     -DLINUX -D_REENTRANT -D_GNU_SOURCE conftest.c >&5
configure:16192: $? = 0
configure:16383: checking that generated files are newer than configure
configure:16389: result: done
configure:16476: creating ./config.status

## ---------------------- ##
## Running config.status. ##
## ---------------------- ##

This file was extended by modsecurity config.status 2.9, which was
generated by GNU Autoconf 2.69.  Invocation command line was

  CONFIG_FILES    = 
  CONFIG_HEADERS  = 
  CONFIG_LINKS    = 
  CONFIG_COMMANDS = 
  $ ./config.status 

on bdi-anhnmt2-d

config.status:1247: creating Makefile
config.status:1247: creating tools/Makefile
config.status:1247: creating apache2/Makefile
config.status:1247: creating build/apxs-wrapper
config.status:1247: creating mlogc/mlogc-batch-load.pl
config.status:1247: creating tests/regression/misc/40-secRemoteRules.t
config.status:1247: creating tests/regression/misc/50-ipmatchfromfile-external.t
config.status:1247: creating tests/regression/misc/60-pmfromfile-external.t
config.status:1247: creating tests/run-unit-tests.pl
config.status:1247: creating tests/run-regression-tests.pl
config.status:1247: creating tests/gen_rx-pm.pl
config.status:1247: creating tests/csv_rx-pm.pl
config.status:1247: creating tests/regression/server_root/conf/httpd.conf
config.status:1247: creating tools/rules-updater.pl
config.status:1247: creating mlogc/Makefile
config.status:1247: creating tests/Makefile
config.status:1247: creating apache2/modsecurity_config_auto.h
config.status:1428: apache2/modsecurity_config_auto.h is unchanged
config.status:1476: executing depfiles commands
config.status:1476: executing libtool commands

## ---------------- ##
## Cache variables. ##
## ---------------- ##

ac_cv_build=x86_64-pc-linux-gnu
ac_cv_c_compiler_gnu=yes
ac_cv_c_const=yes
ac_cv_c_inline=inline
ac_cv_c_restrict=__restrict
ac_cv_c_uint8_t=yes
ac_cv_env_CC_set=
ac_cv_env_CC_value=
ac_cv_env_CFLAGS_set=
ac_cv_env_CFLAGS_value=
ac_cv_env_CPPFLAGS_set=
ac_cv_env_CPPFLAGS_value=
ac_cv_env_CPP_set=
ac_cv_env_CPP_value=
ac_cv_env_LDFLAGS_set=
ac_cv_env_LDFLAGS_value=
ac_cv_env_LIBS_set=
ac_cv_env_LIBS_value=
ac_cv_env_LT_SYS_LIBRARY_PATH_set=
ac_cv_env_LT_SYS_LIBRARY_PATH_value=
ac_cv_env_PKG_CONFIG_LIBDIR_set=
ac_cv_env_PKG_CONFIG_LIBDIR_value=
ac_cv_env_PKG_CONFIG_PATH_set=
ac_cv_env_PKG_CONFIG_PATH_value=
ac_cv_env_PKG_CONFIG_set=
ac_cv_env_PKG_CONFIG_value=
ac_cv_env_build_alias_set=
ac_cv_env_build_alias_value=
ac_cv_env_host_alias_set=
ac_cv_env_host_alias_value=
ac_cv_env_target_alias_set=
ac_cv_env_target_alias_value=
ac_cv_func_atexit=yes
ac_cv_func_dlopen=no
ac_cv_func_fchmod=yes
ac_cv_func_getcwd=yes
ac_cv_func_malloc_0_nonnull=yes
ac_cv_func_memcmp_working=yes
ac_cv_func_memmove=yes
ac_cv_func_memset=yes
ac_cv_func_shl_load=no
ac_cv_func_strcasecmp=yes
ac_cv_func_strcasestr=yes
ac_cv_func_strchr=yes
ac_cv_func_strdup=yes
ac_cv_func_strerror=yes
ac_cv_func_strncasecmp=yes
ac_cv_func_strrchr=yes
ac_cv_func_strstr=yes
ac_cv_func_strtol=yes
ac_cv_header_dlfcn_h=yes
ac_cv_header_fcntl_h=yes
ac_cv_header_inttypes_h=yes
ac_cv_header_limits_h=yes
ac_cv_header_memory_h=yes
ac_cv_header_stdc=yes
ac_cv_header_stdint_h=yes
ac_cv_header_stdlib_h=yes
ac_cv_header_string_h=yes
ac_cv_header_strings_h=yes
ac_cv_header_sys_stat_h=yes
ac_cv_header_sys_types_h=yes
ac_cv_header_sys_utsname_h=yes
ac_cv_header_unistd_h=yes
ac_cv_host=x86_64-pc-linux-gnu
ac_cv_lib_dl_dlopen=yes
ac_cv_lib_dld_shl_load=no
ac_cv_objext=o
ac_cv_path_EGREP='/bin/grep -E'
ac_cv_path_ENV_CMD=/usr/bin/env
ac_cv_path_FGREP='/bin/grep -F'
ac_cv_path_GREP=/bin/grep
ac_cv_path_PERL=/usr/bin/perl
ac_cv_path_SED=/bin/sed
ac_cv_path_ac_pt_PKG_CONFIG=/usr/bin/pkg-config
ac_cv_path_install='/usr/bin/install -c'
ac_cv_path_lt_DD=/bin/dd
ac_cv_path_mkdir=/bin/mkdir
ac_cv_prog_AWK=gawk
ac_cv_prog_CPP='gcc -E'
ac_cv_prog_ac_ct_AR=ar
ac_cv_prog_ac_ct_CC=gcc
ac_cv_prog_ac_ct_MANIFEST_TOOL=mt
ac_cv_prog_ac_ct_OBJDUMP=objdump
ac_cv_prog_ac_ct_RANLIB=ranlib
ac_cv_prog_ac_ct_STRIP=strip
ac_cv_prog_cc_c89=
ac_cv_prog_cc_g=yes
ac_cv_prog_make_make_set=yes
ac_cv_struct_tm=time.h
ac_cv_type_pid_t=yes
ac_cv_type_size_t=yes
am_cv_CC_dependencies_compiler_type=gcc3
am_cv_ar_interface=ar
am_cv_make_support_nested_variables=yes
am_cv_prog_cc_c_o=yes
lt_cv_ar_at_file=@
lt_cv_archive_cmds_need_lc=no
lt_cv_deplibs_check_method=pass_all
lt_cv_dlopen=dlopen
lt_cv_dlopen_libs=-ldl
lt_cv_dlopen_self=yes
lt_cv_dlopen_self_static=no
lt_cv_file_magic_cmd='$MAGIC_CMD'
lt_cv_file_magic_test_file=
lt_cv_ld_reload_flag=-r
lt_cv_nm_interface='BSD nm'
lt_cv_objdir=.libs
lt_cv_path_LD=/usr/bin/ld
lt_cv_path_NM='/usr/bin/nm -B'
lt_cv_path_mainfest_tool=no
lt_cv_prog_compiler_c_o=yes
lt_cv_prog_compiler_pic='-fPIC -DPIC'
lt_cv_prog_compiler_pic_works=yes
lt_cv_prog_compiler_rtti_exceptions=no
lt_cv_prog_compiler_static_works=yes
lt_cv_prog_gnu_ld=yes
lt_cv_sharedlib_from_linklib_cmd='printf %s\n'
lt_cv_shlibpath_overrides_runpath=yes
lt_cv_sys_global_symbol_pipe='sed -n -e '\''s/^.*[	 ]\([ABCDGIRSTW][ABCDGIRSTW]*\)[	 ][	 ]*\([_A-Za-z][_A-Za-z0-9]*\)$/\1 \2 \2/p'\'' | sed '\''/ __gnu_lto/d'\'''
lt_cv_sys_global_symbol_to_c_name_address='sed -n -e '\''s/^: \(.*\) .*$/  {"\1", (void *) 0},/p'\'' -e '\''s/^[ABCDGIRSTW][ABCDGIRSTW]* .* \(.*\)$/  {"\1", (void *) \&\1},/p'\'''
lt_cv_sys_global_symbol_to_c_name_address_lib_prefix='sed -n -e '\''s/^: \(.*\) .*$/  {"\1", (void *) 0},/p'\'' -e '\''s/^[ABCDGIRSTW][ABCDGIRSTW]* .* \(lib.*\)$/  {"\1", (void *) \&\1},/p'\'' -e '\''s/^[ABCDGIRSTW][ABCDGIRSTW]* .* \(.*\)$/  {"lib\1", (void *) \&\1},/p'\'''
lt_cv_sys_global_symbol_to_cdecl='sed -n -e '\''s/^T .* \(.*\)$/extern int \1();/p'\'' -e '\''s/^[ABCDGIRSTW][ABCDGIRSTW]* .* \(.*\)$/extern char \1;/p'\'''
lt_cv_sys_global_symbol_to_import=
lt_cv_sys_max_cmd_len=1572864
lt_cv_to_host_file_cmd=func_convert_file_noop
lt_cv_to_tool_file_cmd=func_convert_file_noop
lt_cv_truncate_bin='/bin/dd bs=4096 count=1'

## ----------------- ##
## Output variables. ##
## ----------------- ##

ACLOCAL='${SHELL} /home/anhnmt2/Documents/CodeInjection/BKCS/bkcs-modsecurity-master/ModSecurity/build/missing aclocal-1.15'
AIX_FALSE=''
AIX_TRUE='#'
AMDEPBACKSLASH='\'
AMDEP_FALSE='#'
AMDEP_TRUE=''
AMTAR='$${TAR-tar}'
AM_BACKSLASH='\'
AM_DEFAULT_V='$(AM_DEFAULT_VERBOSITY)'
AM_DEFAULT_VERBOSITY='1'
AM_V='$(V)'
APR_CFLAGS=' -I/usr/include/apr-1.0 '
APR_CONFIG='/usr/bin/apr-1-config'
APR_CPPFLAGS='  -DLINUX -D_REENTRANT -D_GNU_SOURCE'
APR_INCLUDEDIR='/usr/include/apr-1.0'
APR_LDADD=' /usr/lib/x86_64-linux-gnu/libapr-1.la'
APR_LDFLAGS=' '
APR_LINKLD=' -L/usr/lib/x86_64-linux-gnu -lapr-1'
APR_VERSION='1.6.3'
APU_CFLAGS=' -I/usr/include/apr-1.0 -I/usr/include'
APU_CONFIG='/usr/bin/apu-1-config'
APU_INCLUDEDIR='/usr/include/apr-1.0'
APU_LDADD=' /usr/lib/x86_64-linux-gnu/libaprutil-1.la'
APU_LDFLAGS='     '
APU_LINKLD=' -L/usr/lib/x86_64-linux-gnu -laprutil-1'
APU_VERSION='1.6.1'
APXS='/usr/bin/apxs2'
APXS_BINDIR='/usr/bin'
APXS_CC='x86_64-linux-gnu-gcc'
APXS_CFLAGS='-I/usr/include/apache2'
APXS_EXTRA_CFLAGS=' -Wc,-O2 -Wc,-g -Wc,-Wall'
APXS_HTTPD='/usr/sbin/apache2'
APXS_INCLUDEDIR='/usr/include/apache2'
APXS_INCLUDES='-I/usr/include/apache2  -I/usr/include/apache2 -I. -I/usr/include/apr-1.0 -I/usr/include'
APXS_LDFLAGS=''
APXS_LIBDIR='/usr/lib'
APXS_LIBEXECDIR='/usr/lib/apache2/modules'
APXS_LIBS='-L/usr/lib  '
APXS_LIBTOOL='/usr/share/apr-1.0/build/libtool --no-silent'
APXS_MODULES='/usr/lib/apache2/modules'
APXS_PROGNAME='apache2'
APXS_SBINDIR='/usr/sbin'
APXS_WRAPPER='build/apxs-wrapper'
AR='ar'
AUTOCONF='${SHELL} /home/anhnmt2/Documents/CodeInjection/BKCS/bkcs-modsecurity-master/ModSecurity/build/missing autoconf'
AUTOHEADER='${SHELL} /home/anhnmt2/Documents/CodeInjection/BKCS/bkcs-modsecurity-master/ModSecurity/build/missing autoheader'
AUTOMAKE='${SHELL} /home/anhnmt2/Documents/CodeInjection/BKCS/bkcs-modsecurity-master/ModSecurity/build/missing automake-1.15'
AWK='gawk'
BUILD_ALP2_FALSE=''
BUILD_ALP2_TRUE='#'
BUILD_APACHE2_MODULE_FALSE='#'
BUILD_APACHE2_MODULE_TRUE=''
BUILD_DOCS_FALSE=''
BUILD_DOCS_TRUE='#'
BUILD_MLOGC_FALSE='#'
BUILD_MLOGC_TRUE=''
BUILD_STANDALONE_MODULE_FALSE=''
BUILD_STANDALONE_MODULE_TRUE='#'
BUILD_extentions_FALSE=''
BUILD_extentions_TRUE='#'
CC='gcc'
CCDEPMODE='depmode=gcc3'
CFLAGS='-g -O2  -I/usr/include/apr-1.0 -I/usr/include'
CPP='gcc -E'
CPPFLAGS=''
CURL_CFLAGS=' -DWITH_CURL_SSLVERSION_TLSv1_2 -DWITH_CURL'
CURL_CONFIG='/usr/bin/curl-config'
CURL_CPPFLAGS=''
CURL_LDADD='-lcurl'
CURL_LDFLAGS=''
CURL_USES_GNUTLS='no'
CURL_VERSION='7.58.0 '
CYGPATH_W='echo'
DEFS='-DHAVE_CONFIG_H'
DEPDIR='.deps'
DLLTOOL='false'
DOXYGEN=''
DSYMUTIL=''
DUMPBIN=''
ECHO_C=''
ECHO_N='-n'
ECHO_T=''
EGREP='/bin/grep -E'
ENV_CMD='/usr/bin/env'
EXEEXT=''
EXTRA_CFLAGS='-O2 -g -Wall '
FGREP='/bin/grep -F'
FREEBSD_FALSE=''
FREEBSD_TRUE='#'
GREP='/bin/grep'
HPUX_FALSE=''
HPUX_TRUE='#'
INSTALL_DATA='${INSTALL} -m 644'
INSTALL_PROGRAM='${INSTALL}'
INSTALL_SCRIPT='${INSTALL}'
INSTALL_STRIP_PROGRAM='$(install_sh) -c -s'
LD='/usr/bin/ld -m elf_x86_64'
LDFLAGS=''
LIBOBJS=''
LIBS=''
LIBTOOL='$(SHELL) $(top_builddir)/libtool'
LIBXML2_CFLAGS='-I/usr/include/libxml2'
LIBXML2_CONFIG='/usr/bin/xml2-config'
LIBXML2_CPPFLAGS=''
LIBXML2_LDADD='-lxml2'
LIBXML2_LDFLAGS=''
LIBXML2_VERSION='2.9.4'
LINUX390_FALSE=''
LINUX390_TRUE='#'
LINUX_FALSE='#'
LINUX_TRUE=''
LIPO=''
LN_S='ln -s'
LTLIBOBJS=''
LT_SYS_LIBRARY_PATH=''
LUA_CFLAGS='-DWITH_LUA -I/usr/include/lua5.1'
LUA_LDADD='-llua5.1'
LUA_LDFLAGS=''
MACOSX_FALSE=''
MACOSX_TRUE='#'
MAKEINFO='${SHELL} /home/anhnmt2/Documents/CodeInjection/BKCS/bkcs-modsecurity-master/ModSecurity/build/missing makeinfo'
MANIFEST_TOOL=':'
MKDIR_P='/bin/mkdir -p'
MODSEC_APXS_EXTRA_CFLAGS=' -Wc,-DWITH_PCRE_STUDY -Wc,-DMODSEC_PCRE_MATCH_LIMIT=1500 -Wc,-DMODSEC_PCRE_MATCH_LIMIT_RECURSION=1500 -Wc,-DREQUEST_EARLY'
MODSEC_EXTRA_CFLAGS='-DWITH_PCRE_STUDY -DMODSEC_PCRE_MATCH_LIMIT=1500 -DMODSEC_PCRE_MATCH_LIMIT_RECURSION=1500  -DREQUEST_EARLY                    -DWITH_APU_CRYPTO -DWITH_REMOTE_RULES'
MSC_BASE_DIR='/home/anhnmt2/Documents/CodeInjection/BKCS/bkcs-modsecurity-master/ModSecurity'
MSC_PKGBASE_DIR='/home/anhnmt2/Documents/CodeInjection/BKCS/bkcs-modsecurity-master/ModSecurity/..'
MSC_REGRESSION_CONF_DIR='/home/anhnmt2/Documents/CodeInjection/BKCS/bkcs-modsecurity-master/ModSecurity/tests/regression/server_root/conf'
MSC_REGRESSION_DIR='/home/anhnmt2/Documents/CodeInjection/BKCS/bkcs-modsecurity-master/ModSecurity/tests/regression'
MSC_REGRESSION_DOCROOT_DIR='/home/anhnmt2/Documents/CodeInjection/BKCS/bkcs-modsecurity-master/ModSecurity/tests/regression/server_root/htdocs'
MSC_REGRESSION_LOGS_DIR='/home/anhnmt2/Documents/CodeInjection/BKCS/bkcs-modsecurity-master/ModSecurity/tests/regression/server_root/logs'
MSC_REGRESSION_SERVERROOT_DIR='/home/anhnmt2/Documents/CodeInjection/BKCS/bkcs-modsecurity-master/ModSecurity/tests/regression/server_root'
MSC_TEST_DIR='/home/anhnmt2/Documents/CodeInjection/BKCS/bkcs-modsecurity-master/ModSecurity/tests'
NETBSD_FALSE=''
NETBSD_TRUE='#'
NM='/usr/bin/nm -B'
NMEDIT=''
OBJDUMP='objdump'
OBJEXT='o'
OPENBSD_FALSE=''
OPENBSD_TRUE='#'
OTOOL64=''
OTOOL=''
PACKAGE='modsecurity'
PACKAGE_BUGREPORT='support@modsecurity.org'
PACKAGE_NAME='modsecurity'
PACKAGE_STRING='modsecurity 2.9'
PACKAGE_TARNAME='modsecurity'
PACKAGE_URL=''
PACKAGE_VERSION='2.9'
PATH_SEPARATOR=':'
PCRE_CFLAGS=''
PCRE_CONFIG='/usr/bin/pcre-config'
PCRE_CPPFLAGS=''
PCRE_LDADD='-lpcre'
PCRE_LDFLAGS=''
PCRE_LD_PATH='/-lpcre'
PCRE_VERSION='8.39'
PERL='/usr/bin/perl'
PKG_CONFIG='/usr/bin/pkg-config'
PKG_CONFIG_LIBDIR=''
PKG_CONFIG_PATH=''
RANLIB='ranlib'
SED='/bin/sed'
SET_MAKE=''
SHELL='/bin/bash'
SOLARIS_FALSE=''
SOLARIS_TRUE='#'
SSDEEP_CFLAGS=''
SSDEEP_LDADD=''
SSDEEP_LDFLAGS=''
STRIP='strip'
TOPLEVEL_SUBDIRS='tools apache2 mlogc'
VERSION='2.9'
YAJL_CFLAGS=''
YAJL_LDADD=''
YAJL_LDFLAGS=''
YAJL_LIBS=''
ac_ct_AR='ar'
ac_ct_CC='gcc'
ac_ct_DUMPBIN=''
am__EXEEXT_FALSE=''
am__EXEEXT_TRUE='#'
am__fastdepCC_FALSE='#'
am__fastdepCC_TRUE=''
am__include='include'
am__isrc=''
am__leading_dot='.'
am__nodep='_no'
am__quote=''
am__tar='$${TAR-tar} chof - "$$tardir"'
am__untar='$${TAR-tar} xf -'
bindir='${exec_prefix}/bin'
build='x86_64-pc-linux-gnu'
build_alias=''
build_cpu='x86_64'
build_os='linux-gnu'
build_vendor='pc'
datadir='${datarootdir}'
datarootdir='${prefix}/share'
docdir='${datarootdir}/doc/${PACKAGE_TARNAME}'
dvidir='${docdir}'
exec_prefix='${prefix}'
host='x86_64-pc-linux-gnu'
host_alias=''
host_cpu='x86_64'
host_os='linux-gnu'
host_vendor='pc'
htmldir='${docdir}'
includedir='${prefix}/include'
infodir='${datarootdir}/info'
install_sh='${SHELL} /home/anhnmt2/Documents/CodeInjection/BKCS/bkcs-modsecurity-master/ModSecurity/build/install-sh'
libdir='${exec_prefix}/lib'
libexecdir='${exec_prefix}/libexec'
localedir='${datarootdir}/locale'
localstatedir='${prefix}/var'
mandir='${datarootdir}/man'
mkdir_p='$(MKDIR_P)'
oldincludedir='/usr/include'
pdfdir='${docdir}'
prefix='/usr/local/modsecurity'
program_transform_name='s,x,x,'
psdir='${docdir}'
runstatedir='${localstatedir}/run'
sbindir='${exec_prefix}/sbin'
sharedstatedir='${prefix}/com'
sysconfdir='${prefix}/etc'
target_alias=''

## ----------- ##
## confdefs.h. ##
## ----------- ##

/* confdefs.h */
#define PACKAGE_NAME "modsecurity"
#define PACKAGE_TARNAME "modsecurity"
#define PACKAGE_VERSION "2.9"
#define PACKAGE_STRING "modsecurity 2.9"
#define PACKAGE_BUGREPORT "support@modsecurity.org"
#define PACKAGE_URL ""
#define PACKAGE "modsecurity"
#define VERSION "2.9"
#define STDC_HEADERS 1
#define HAVE_SYS_TYPES_H 1
#define HAVE_SYS_STAT_H 1
#define HAVE_STDLIB_H 1
#define HAVE_STRING_H 1
#define HAVE_MEMORY_H 1
#define HAVE_STRINGS_H 1
#define HAVE_INTTYPES_H 1
#define HAVE_STDINT_H 1
#define HAVE_UNISTD_H 1
#define HAVE_DLFCN_H 1
#define LT_OBJDIR ".libs/"
#define STDC_HEADERS 1
#define HAVE_FCNTL_H 1
#define HAVE_LIMITS_H 1
#define HAVE_STDLIB_H 1
#define HAVE_STRING_H 1
#define HAVE_UNISTD_H 1
#define HAVE_SYS_TYPES_H 1
#define HAVE_SYS_STAT_H 1
#define HAVE_SYS_UTSNAME_H 1
#define restrict __restrict
#define HAVE_STDLIB_H 1
#define HAVE_MALLOC 1
#define HAVE_ATEXIT 1
#define HAVE_GETCWD 1
#define HAVE_MEMMOVE 1
#define HAVE_MEMSET 1
#define HAVE_STRCASECMP 1
#define HAVE_STRCHR 1
#define HAVE_STRDUP 1
#define HAVE_STRERROR 1
#define HAVE_STRNCASECMP 1
#define HAVE_STRRCHR 1
#define HAVE_STRSTR 1
#define HAVE_STRTOL 1
#define HAVE_FCHMOD 1
#define HAVE_STRCASESTR 1
#define WITH_APU_CRYPTO 1
#define WITH_REMOTE_RULES 1

configure: exit 0

## ---------------------- ##
## Running config.status. ##
## ---------------------- ##

This file was extended by modsecurity config.status 2.9, which was
generated by GNU Autoconf 2.69.  Invocation command line was

  CONFIG_FILES    = 
  CONFIG_HEADERS  = 
  CONFIG_LINKS    = 
  CONFIG_COMMANDS = 
  $ ./config.status apache2/modsecurity_config_auto.h

on bdi-anhnmt2-d

config.status:1247: creating apache2/modsecurity_config_auto.h
config.status:1428: apache2/modsecurity_config_auto.h is unchanged
